<?xml version="1.0" encoding="UTF-8"?>
<testng-results ignored="0" total="2" passed="2" failed="0" skipped="0">
  <reporter-output>
  </reporter-output>
  <suite started-at="2021-03-09T16:42:12 CET" name="Default suite" finished-at="2021-03-09T16:42:12 CET" duration-ms="138">
    <groups>
    </groups>
    <test started-at="2021-03-09T16:42:12 CET" name="Default test" finished-at="2021-03-09T16:42:12 CET" duration-ms="138">
      <class name="Testing.T1">
        <test-method signature="SecondTest()[pri:0, instance:Testing.T1@5c90e579]" started-at="2021-03-09T16:42:12 CET" name="SecondTest" finished-at="2021-03-09T16:42:12 CET" duration-ms="29" status="PASS">
          <reporter-output>
          </reporter-output>
        </test-method> <!-- SecondTest -->
        <test-method signature="demo()[pri:0, instance:Testing.T1@5c90e579]" started-at="2021-03-09T16:42:12 CET" name="demo" finished-at="2021-03-09T16:42:12 CET" duration-ms="3" status="PASS">
          <reporter-output>
          </reporter-output>
        </test-method> <!-- demo -->
      </class> <!-- Testing.T1 -->
    </test> <!-- Default test -->
  </suite> <!-- Default suite -->
</testng-results>
